  Renderer.cpp
  TextureLoader.cpp
C:\Program Files\Microsoft Visual Studio\2022\Community\VC\Tools\MSVC\14.41.34120\include\xutility(4689,18): warning C4244: =: преобразование "const WCHAR" в "char", возможна потеря данных
  (компиляция исходного файла "TextureLoader.cpp")
      C:\Program Files\Microsoft Visual Studio\2022\Community\VC\Tools\MSVC\14.41.34120\include\xutility(4689,18):
      контекст создания экземпляра шаблона (сначала самый старый)
          C:\Users\HYPERPC\source\repos\KG5\TextureLoader.cpp(10,24):
          выполняется компиляция ссылки на экземпляр шаблон функции "std::basic_string<char,std::char_traits<char>,std::allocator<char>>::basic_string<std::_String_const_iterator<std::_String_val<std::_Simple_types<_Elem>>>,0>(_Iter,_Iter,const _Alloc &)"
          with
          [
              _Elem=wchar_t,
              _Iter=std::_String_const_iterator<std::_String_val<std::_Simple_types<wchar_t>>>,
              _Alloc=std::allocator<char>
          ]
              C:\Users\HYPERPC\source\repos\KG5\TextureLoader.cpp(10,24):
              см. первую ссылку на "std::basic_string<char,std::char_traits<char>,std::allocator<char>>::basic_string" в "TextureLoader::LoadFromFile"
          C:\Program Files\Microsoft Visual Studio\2022\Community\VC\Tools\MSVC\14.41.34120\include\xstring(793,17):
          выполняется компиляция ссылки на экземпляр шаблон функции "void std::basic_string<char,std::char_traits<char>,std::allocator<char>>::_Construct_from_iter<const WCHAR*,const WCHAR*,_Size_type>(_Iter,const _Sent,_Size)"
          with
          [
              _Size_type=unsigned __int64,
              _Iter=const WCHAR *,
              _Sent=const WCHAR *,
              _Size=unsigned __int64
          ]
          C:\Program Files\Microsoft Visual Studio\2022\Community\VC\Tools\MSVC\14.41.34120\include\xstring(949,18):
          выполняется компиляция ссылки на экземпляр шаблон функции "_OutIt *std::_Copy_n_unchecked4<const WCHAR*,_Size,char*>(_InIt,_SizeTy,_OutIt)"
          with
          [
              _OutIt=char *,
              _Size=unsigned __int64,
              _InIt=const WCHAR *,
              _SizeTy=unsigned __int64
          ]
  
  main.cpp
C:\Users\HYPERPC\source\repos\KG5\Timer.h(10,35): warning C4244: return: преобразование "const double" в "float", возможна потеря данных
  (компиляция исходного файла "main.cpp")
  
  Создание кода...
  KG5.vcxproj -> C:\Users\HYPERPC\source\repos\KG5\x64\Debug\KG5.exe
